{"level":"info","message":"From: 313962266, To: 313962269","service":"nft_market","timestamp":"2024-07-24T18:37:19.461Z"}
{"level":"info","message":[],"service":"nft_market","timestamp":"2024-07-24T18:37:19.463Z"}
{"level":"info","message":"From: 313962270, To: 313962281","service":"nft_market","timestamp":"2024-07-24T18:37:24.617Z"}
{"level":"info","message":[],"service":"nft_market","timestamp":"2024-07-24T18:37:24.618Z"}
{"level":"info","message":"From: 313962282, To: 313962292","service":"nft_market","timestamp":"2024-07-24T18:37:28.406Z"}
{"level":"info","message":[],"service":"nft_market","timestamp":"2024-07-24T18:37:28.407Z"}
{"level":"info","message":"From: 313962293, To: 313962302","service":"nft_market","timestamp":"2024-07-24T18:37:32.007Z"}
{"level":"info","message":[],"service":"nft_market","timestamp":"2024-07-24T18:37:32.008Z"}
{"level":"info","message":"From: 313962303, To: 313962312","service":"nft_market","timestamp":"2024-07-24T18:37:35.755Z"}
{"level":"info","message":[],"service":"nft_market","timestamp":"2024-07-24T18:37:35.755Z"}
{"level":"info","message":"From: 313962313, To: 313962321","service":"nft_market","timestamp":"2024-07-24T18:37:39.415Z"}
{"level":"info","message":[],"service":"nft_market","timestamp":"2024-07-24T18:37:39.416Z"}
{"level":"info","message":"From: 313962546, To: 313962550","timestamp":"2024-07-24T18:39:06.963Z"}
{"level":"info","message":"Found Transaction: ","timestamp":"2024-07-24T18:39:06.965Z"}
{"level":"info","message":"From: 313962551, To: 313962562","timestamp":"2024-07-24T18:39:11.557Z"}
{"level":"info","message":"Found Transaction: ","timestamp":"2024-07-24T18:39:11.557Z"}
{"level":"info","message":"From: 313962563, To: 313962572","timestamp":"2024-07-24T18:39:15.313Z"}
{"level":"info","message":"Found Transaction: ","timestamp":"2024-07-24T18:39:15.313Z"}
{"level":"info","message":"From: 313962573, To: 313962582","timestamp":"2024-07-24T18:39:19.055Z"}
{"level":"info","message":"Found Transaction: ","timestamp":"2024-07-24T18:39:19.056Z"}
{"level":"info","message":"From: 313962583, To: 313962592","timestamp":"2024-07-24T18:39:22.681Z"}
{"level":"info","message":"Found Transaction: ","timestamp":"2024-07-24T18:39:22.682Z"}
{"level":"info","message":"From: 313962593, To: 313962602","timestamp":"2024-07-24T18:39:27.224Z"}
{"level":"info","message":"Found Transaction: ","timestamp":"2024-07-24T18:39:27.224Z"}
{"level":"info","message":"From: 313962603, To: 313962613","timestamp":"2024-07-24T18:39:30.916Z"}
{"level":"info","message":"Found Transaction: ","timestamp":"2024-07-24T18:39:30.917Z"}
{"level":"info","message":"From: 313962614, To: 313962623","timestamp":"2024-07-24T18:39:34.629Z"}
{"level":"info","message":"Found Transaction: ","timestamp":"2024-07-24T18:39:34.629Z"}
{"level":"info","message":"From: 313962709, To: 313962713, Found Transaction: ","timestamp":"2024-07-24T18:40:08.860Z"}
{"level":"info","message":"From: 313962714, To: 313962726, Found Transaction: ","timestamp":"2024-07-24T18:40:13.959Z"}
{"level":"info","message":"From: 313962727, To: 313962737, Found Transaction: ","timestamp":"2024-07-24T18:40:17.713Z"}
{"level":"info","message":"Listening for transactions involving program ID: CF2FBoCnN6bHgSUT1stncf9TwpgG5nAgntBRJp4eXChD","timestamp":"2024-07-24T18:47:48.135Z"}
{"level":"info","message":"Data saved successfully","timestamp":"2024-07-24T18:47:50.646Z"}
{"level":"info","message":"From: 313963941, To: 313963944, Found Transaction: ","timestamp":"2024-07-24T18:47:55.073Z"}
{"level":"info","message":"Data saved successfully","timestamp":"2024-07-24T18:47:55.077Z"}
